<?xml version="1.0" encoding="UTF-8"?>
<coverage generated="1660719361635" clover="3.2.0">
  <project timestamp="1660719361635" name="All files">
    <metrics statements="5" coveredstatements="5" conditionals="0" coveredconditionals="0" methods="1" coveredmethods="1" elements="6" coveredelements="6" complexity="0" loc="5" ncloc="5" packages="1" files="1" classes="1"/>
    <file name="keygen.js" path="C:\Users\tinay\3D Objects\to-do-list\src\common\keygen.js">
      <metrics statements="5" coveredstatements="5" conditionals="0" coveredconditionals="0" methods="1" coveredmethods="1"/>
      <line num="2" count="6" type="stmt"/>
      <line num="3" count="6" type="stmt"/>
      <line num="4" count="6" type="stmt"/>
      <line num="5" count="96" type="stmt"/>
      <line num="7" count="6" type="stmt"/>
    </file>
  </project>
</coverage>
