{"C:\\Users\\tinay\\3D Objects\\to-do-list\\src\\common\\keygen.js": {"path":"C:\\Users\\tinay\\3D Objects\\to-do-list\\src\\common\\keygen.js","statementMap":{"0":{"start":{"line":2,"column":11},"end":{"line":2,"column":13}},"1":{"start":{"line":3,"column":21},"end":{"line":3,"column":59}},"2":{"start":{"line":4,"column":2},"end":{"line":6,"column":3}},"3":{"start":{"line":4,"column":15},"end":{"line":4,"column":16}},"4":{"start":{"line":5,"column":4},"end":{"line":5,"column":60}},"5":{"start":{"line":7,"column":2},"end":{"line":7,"column":12}}},"fnMap":{"0":{"name":"makeId","decl":{"start":{"line":1,"column":24},"end":{"line":1,"column":30}},"loc":{"start":{"line":1,"column":33},"end":{"line":8,"column":1}},"line":1}},"branchMap":{},"s":{"0":6,"1":6,"2":6,"3":6,"4":96,"5":6},"f":{"0":6},"b":{},"_coverageSchema":"1a1c01bbd47fc00a2c39e90264f33305004495a9","hash":"d42154d8726a10fa96cbc3169eb3099a748a13ed"}
}
