{"C:\\Users\\tinay\\3D Objects\\to-do-list\\src\\common\\ToDoList.js": {"path":"C:\\Users\\tinay\\3D Objects\\to-do-list\\src\\common\\ToDoList.js","statementMap":{"0":{"start":{"line":6,"column":4},"end":{"line":6,"column":35}},"1":{"start":{"line":10,"column":4},"end":{"line":10,"column":47}},"2":{"start":{"line":11,"column":4},"end":{"line":11,"column":65}},"3":{"start":{"line":15,"column":4},"end":{"line":23,"column":5}},"4":{"start":{"line":15,"column":17},"end":{"line":15,"column":18}},"5":{"start":{"line":16,"column":6},"end":{"line":22,"column":7}},"6":{"start":{"line":17,"column":8},"end":{"line":17,"column":32}},"7":{"start":{"line":18,"column":8},"end":{"line":20,"column":9}},"8":{"start":{"line":18,"column":21},"end":{"line":18,"column":22}},"9":{"start":{"line":19,"column":10},"end":{"line":19,"column":38}},"10":{"start":{"line":21,"column":8},"end":{"line":21,"column":69}},"11":{"start":{"line":24,"column":4},"end":{"line":24,"column":35}},"12":{"start":{"line":28,"column":4},"end":{"line":33,"column":5}},"13":{"start":{"line":28,"column":17},"end":{"line":28,"column":18}},"14":{"start":{"line":29,"column":6},"end":{"line":32,"column":7}},"15":{"start":{"line":30,"column":8},"end":{"line":30,"column":59}},"16":{"start":{"line":31,"column":8},"end":{"line":31,"column":69}},"17":{"start":{"line":37,"column":4},"end":{"line":42,"column":5}},"18":{"start":{"line":37,"column":17},"end":{"line":37,"column":18}},"19":{"start":{"line":38,"column":6},"end":{"line":41,"column":7}},"20":{"start":{"line":39,"column":8},"end":{"line":39,"column":32}},"21":{"start":{"line":40,"column":8},"end":{"line":40,"column":15}},"22":{"start":{"line":43,"column":4},"end":{"line":45,"column":5}},"23":{"start":{"line":43,"column":17},"end":{"line":43,"column":18}},"24":{"start":{"line":44,"column":6},"end":{"line":44,"column":34}},"25":{"start":{"line":46,"column":4},"end":{"line":46,"column":65}},"26":{"start":{"line":50,"column":4},"end":{"line":50,"column":22}}},"fnMap":{"0":{"name":"(anonymous_0)","decl":{"start":{"line":5,"column":2},"end":{"line":5,"column":3}},"loc":{"start":{"line":5,"column":16},"end":{"line":7,"column":3}},"line":5},"1":{"name":"(anonymous_1)","decl":{"start":{"line":9,"column":2},"end":{"line":9,"column":3}},"loc":{"start":{"line":9,"column":23},"end":{"line":12,"column":3}},"line":9},"2":{"name":"(anonymous_2)","decl":{"start":{"line":14,"column":2},"end":{"line":14,"column":3}},"loc":{"start":{"line":14,"column":26},"end":{"line":25,"column":3}},"line":14},"3":{"name":"(anonymous_3)","decl":{"start":{"line":27,"column":2},"end":{"line":27,"column":3}},"loc":{"start":{"line":27,"column":22},"end":{"line":34,"column":3}},"line":27},"4":{"name":"(anonymous_4)","decl":{"start":{"line":36,"column":2},"end":{"line":36,"column":3}},"loc":{"start":{"line":36,"column":19},"end":{"line":47,"column":3}},"line":36},"5":{"name":"(anonymous_5)","decl":{"start":{"line":49,"column":2},"end":{"line":49,"column":3}},"loc":{"start":{"line":49,"column":13},"end":{"line":51,"column":3}},"line":49}},"branchMap":{"0":{"loc":{"start":{"line":16,"column":6},"end":{"line":22,"column":7}},"type":"if","locations":[{"start":{"line":16,"column":6},"end":{"line":22,"column":7}},{"start":{},"end":{}}],"line":16},"1":{"loc":{"start":{"line":29,"column":6},"end":{"line":32,"column":7}},"type":"if","locations":[{"start":{"line":29,"column":6},"end":{"line":32,"column":7}},{"start":{},"end":{}}],"line":29},"2":{"loc":{"start":{"line":38,"column":6},"end":{"line":41,"column":7}},"type":"if","locations":[{"start":{"line":38,"column":6},"end":{"line":41,"column":7}},{"start":{},"end":{}}],"line":38}},"s":{"0":4,"1":5,"2":5,"3":5,"4":5,"5":9,"6":5,"7":5,"8":5,"9":8,"10":5,"11":5,"12":0,"13":0,"14":0,"15":0,"16":0,"17":0,"18":0,"19":0,"20":0,"21":0,"22":0,"23":0,"24":0,"25":0,"26":4},"f":{"0":4,"1":5,"2":5,"3":0,"4":0,"5":4},"b":{"0":[5,4],"1":[0,0],"2":[0,0]},"_coverageSchema":"1a1c01bbd47fc00a2c39e90264f33305004495a9","hash":"a23b9ba1aaac3e923f46d1e71e8946b16b6c6da1"}
,"C:\\Users\\tinay\\3D Objects\\to-do-list\\src\\common\\keygen.js": {"path":"C:\\Users\\tinay\\3D Objects\\to-do-list\\src\\common\\keygen.js","statementMap":{"0":{"start":{"line":2,"column":11},"end":{"line":2,"column":13}},"1":{"start":{"line":3,"column":21},"end":{"line":3,"column":59}},"2":{"start":{"line":4,"column":2},"end":{"line":6,"column":3}},"3":{"start":{"line":4,"column":15},"end":{"line":4,"column":16}},"4":{"start":{"line":5,"column":4},"end":{"line":5,"column":60}},"5":{"start":{"line":7,"column":2},"end":{"line":7,"column":12}}},"fnMap":{"0":{"name":"makeId","decl":{"start":{"line":1,"column":24},"end":{"line":1,"column":30}},"loc":{"start":{"line":1,"column":33},"end":{"line":8,"column":1}},"line":1}},"branchMap":{},"s":{"0":11,"1":11,"2":11,"3":11,"4":176,"5":11},"f":{"0":11},"b":{},"_coverageSchema":"1a1c01bbd47fc00a2c39e90264f33305004495a9","hash":"d42154d8726a10fa96cbc3169eb3099a748a13ed"}
,"C:\\Users\\tinay\\3D Objects\\to-do-list\\src\\common\\loadStorage.js": {"path":"C:\\Users\\tinay\\3D Objects\\to-do-list\\src\\common\\loadStorage.js","statementMap":{"0":{"start":{"line":4,"column":2},"end":{"line":8,"column":3}},"1":{"start":{"line":5,"column":4},"end":{"line":5,"column":15}},"2":{"start":{"line":7,"column":4},"end":{"line":7,"column":57}},"3":{"start":{"line":9,"column":2},"end":{"line":9,"column":15}}},"fnMap":{"0":{"name":"getLocalStorage","decl":{"start":{"line":1,"column":24},"end":{"line":1,"column":39}},"loc":{"start":{"line":1,"column":42},"end":{"line":10,"column":1}},"line":1}},"branchMap":{"0":{"loc":{"start":{"line":4,"column":2},"end":{"line":8,"column":3}},"type":"if","locations":[{"start":{"line":4,"column":2},"end":{"line":8,"column":3}},{"start":{"line":6,"column":9},"end":{"line":8,"column":3}}],"line":4}},"s":{"0":14,"1":2,"2":12,"3":14},"f":{"0":14},"b":{"0":[2,12]},"_coverageSchema":"1a1c01bbd47fc00a2c39e90264f33305004495a9","hash":"926654fc725f499e4ecaad665b67c5e44a816788"}
,"C:\\Users\\tinay\\3D Objects\\to-do-list\\src\\common\\todoItem.js": {"path":"C:\\Users\\tinay\\3D Objects\\to-do-list\\src\\common\\todoItem.js","statementMap":{"0":{"start":{"line":6,"column":4},"end":{"line":6,"column":35}},"1":{"start":{"line":7,"column":4},"end":{"line":7,"column":27}},"2":{"start":{"line":8,"column":4},"end":{"line":8,"column":46}},"3":{"start":{"line":9,"column":4},"end":{"line":9,"column":23}}},"fnMap":{"0":{"name":"(anonymous_0)","decl":{"start":{"line":5,"column":2},"end":{"line":5,"column":3}},"loc":{"start":{"line":5,"column":27},"end":{"line":10,"column":3}},"line":5}},"branchMap":{},"s":{"0":5,"1":5,"2":5,"3":5},"f":{"0":5},"b":{},"_coverageSchema":"1a1c01bbd47fc00a2c39e90264f33305004495a9","hash":"d332b55be138cd48d09a2d2eeb236999b889b538"}
}
