TN:
SF:src\common\ToDoList.js
FN:5,(anonymous_0)
FN:9,(anonymous_1)
FN:14,(anonymous_2)
FN:27,(anonymous_3)
FN:36,(anonymous_4)
FN:49,(anonymous_5)
FNF:6
FNH:4
FNDA:4,(anonymous_0)
FNDA:5,(anonymous_1)
FNDA:5,(anonymous_2)
FNDA:0,(anonymous_3)
FNDA:0,(anonymous_4)
FNDA:4,(anonymous_5)
DA:6,4
DA:10,5
DA:11,5
DA:15,5
DA:16,9
DA:17,5
DA:18,5
DA:19,8
DA:21,5
DA:24,5
DA:28,0
DA:29,0
DA:30,0
DA:31,0
DA:37,0
DA:38,0
DA:39,0
DA:40,0
DA:43,0
DA:44,0
DA:46,0
DA:50,4
LF:22
LH:11
BRDA:16,0,0,5
BRDA:16,0,1,4
BRDA:29,1,0,0
BRDA:29,1,1,0
BRDA:38,2,0,0
BRDA:38,2,1,0
BRF:6
BRH:2
end_of_record
TN:
SF:src\common\keygen.js
FN:1,makeId
FNF:1
FNH:1
FNDA:11,makeId
DA:2,11
DA:3,11
DA:4,11
DA:5,176
DA:7,11
LF:5
LH:5
BRF:0
BRH:0
end_of_record
TN:
SF:src\common\loadStorage.js
FN:1,getLocalStorage
FNF:1
FNH:1
FNDA:14,getLocalStorage
DA:4,14
DA:5,2
DA:7,12
DA:9,14
LF:4
LH:4
BRDA:4,0,0,2
BRDA:4,0,1,12
BRF:2
BRH:2
end_of_record
TN:
SF:src\common\todoItem.js
FN:5,(anonymous_0)
FNF:1
FNH:1
FNDA:5,(anonymous_0)
DA:6,5
DA:7,5
DA:8,5
DA:9,5
LF:4
LH:4
BRF:0
BRH:0
end_of_record
